{
  "RSpec": {
    "coverage": {
      "/Users/zenjeff/Documents/P_projects/Ruby/diary-api/spec/controllers/diaries_controller_spec.rb": [
        1,
        null,
        1,
        null,
        null
      ],
      "/Users/zenjeff/Documents/P_projects/Ruby/diary-api/spec/rails_helper.rb": [
        null,
        1,
        1,
        1,
        1,
        null,
        1,
        1,
        null,
        2,
        null,
        null,
        null,
        null,
        null,
        null,
        null,
        null,
        null,
        null,
        null,
        null,
        null,
        null,
        null,
        null,
        null,
        null,
        null,
        1,
        1,
        1,
        1,
        null,
        null,
        null,
        1,
        null,
        1,
        null,
        1,
        null,
        null,
        null,
        1,
        null,
        1,
        null,
        null,
        1,
        1,
        1,
        null,
        null,
        null,
        1,
        18,
        18,
        null,
        null,
        null,
        null,
        null,
        null,
        null,
        null,
        null,
        null,
        null,
        null,
        null,
        null,
        null,
        null,
        1,
        null,
        null,
        1,
        null,
        null,
        null,
        null
      ],
      "/Users/zenjeff/Documents/P_projects/Ruby/diary-api/config/environment.rb": [
        null,
        1,
        null,
        null,
        1
      ],
      "/Users/zenjeff/Documents/P_projects/Ruby/diary-api/config/application.rb": [
        1,
        null,
        1,
        null,
        1,
        1,
        1,
        1,
        1,
        1,
        1,
        null,
        null,
        null,
        null,
        null,
        1,
        null,
        1,
        1,
        null,
        null,
        null,
        null,
        null,
        null,
        null,
        1,
        null,
        null
      ],
      "/Users/zenjeff/Documents/P_projects/Ruby/diary-api/config/boot.rb": [
        1,
        null,
        1
      ],
      "/Users/zenjeff/Documents/P_projects/Ruby/diary-api/config/environments/test.rb": [
        1,
        null,
        null,
        null,
        null,
        null,
        null,
        1,
        null,
        null,
        null,
        null,
        1,
        null,
        null,
        1,
        1,
        null,
        null,
        null,
        null,
        1,
        1,
        null,
        null,
        1,
        null,
        null,
        1,
        1,
        null,
        null,
        null,
        null,
        1,
        null,
        null,
        1,
        null,
        null,
        null,
        null
      ],
      "/Users/zenjeff/Documents/P_projects/Ruby/diary-api/config/initializers/application_controller_renderer.rb": [
        null,
        null,
        null,
        null,
        null,
        null,
        null,
        null
      ],
      "/Users/zenjeff/Documents/P_projects/Ruby/diary-api/config/initializers/backtrace_silencers.rb": [
        null,
        null,
        null,
        null,
        null,
        null,
        null
      ],
      "/Users/zenjeff/Documents/P_projects/Ruby/diary-api/config/initializers/cors.rb": [
        null,
        null,
        null,
        null,
        null,
        null,
        null,
        null,
        null,
        null,
        null,
        null,
        null,
        null,
        null,
        null
      ],
      "/Users/zenjeff/Documents/P_projects/Ruby/diary-api/config/initializers/filter_parameter_logging.rb": [
        null,
        null,
        null,
        1
      ],
      "/Users/zenjeff/Documents/P_projects/Ruby/diary-api/config/initializers/inflections.rb": [
        null,
        null,
        null,
        null,
        null,
        null,
        null,
        null,
        null,
        null,
        null,
        null,
        null,
        null,
        null,
        null
      ],
      "/Users/zenjeff/Documents/P_projects/Ruby/diary-api/config/initializers/mime_types.rb": [
        null,
        null,
        null,
        null
      ],
      "/Users/zenjeff/Documents/P_projects/Ruby/diary-api/config/initializers/new_framework_defaults.rb": [
        null,
        null,
        null,
        null,
        null,
        null,
        1,
        null,
        null,
        null,
        1,
        null,
        null,
        1,
        null,
        null,
        1,
        null,
        null,
        1
      ],
      "/Users/zenjeff/Documents/P_projects/Ruby/diary-api/config/initializers/wrap_parameters.rb": [
        null,
        null,
        null,
        null,
        null,
        null,
        1,
        2,
        null,
        null,
        null,
        null,
        null,
        null
      ],
      "/Users/zenjeff/Documents/P_projects/Ruby/diary-api/spec/factories/diary.rb": [
        1,
        1,
        131,
        131,
        null,
        null
      ],
      "/Users/zenjeff/Documents/P_projects/Ruby/diary-api/spec/factories/items.rb": [
        1,
        1,
        1,
        1,
        1,
        null,
        null
      ],
      "/Users/zenjeff/Documents/P_projects/Ruby/diary-api/config/routes.rb": [
        1,
        null,
        null
      ],
      "/Users/zenjeff/Documents/P_projects/Ruby/diary-api/spec/support/request_spec_helper.rb": [
        1,
        null,
        1,
        0,
        null,
        null,
        null,
        null
      ],
      "/Users/zenjeff/Documents/P_projects/Ruby/diary-api/app/controllers/diaries_controller.rb": [
        1,
        null
      ],
      "/Users/zenjeff/Documents/P_projects/Ruby/diary-api/app/controllers/application_controller.rb": [
        1,
        null
      ],
      "/Users/zenjeff/Documents/P_projects/Ruby/diary-api/spec/controllers/items_controller_spec.rb": [
        1,
        null,
        1,
        null,
        null
      ],
      "/Users/zenjeff/Documents/P_projects/Ruby/diary-api/app/controllers/items_controller.rb": [
        1,
        null
      ],
      "/Users/zenjeff/Documents/P_projects/Ruby/diary-api/spec/models/diary_spec.rb": [
        1,
        null,
        1,
        null,
        null,
        2,
        null,
        null,
        2,
        2,
        null,
        null
      ],
      "/Users/zenjeff/Documents/P_projects/Ruby/diary-api/app/models/diary.rb": [
        1,
        null,
        1,
        null,
        null,
        1,
        null
      ],
      "/Users/zenjeff/Documents/P_projects/Ruby/diary-api/app/models/application_record.rb": [
        1,
        1,
        null
      ],
      "/Users/zenjeff/Documents/P_projects/Ruby/diary-api/spec/models/item_spec.rb": [
        1,
        null,
        1,
        null,
        null,
        2,
        null,
        null,
        2,
        null,
        null
      ],
      "/Users/zenjeff/Documents/P_projects/Ruby/diary-api/app/models/item.rb": [
        1,
        null,
        1,
        null,
        null,
        1,
        null
      ],
      "/Users/zenjeff/Documents/P_projects/Ruby/diary-api/spec/requests/diary_spec.rb": [
        1,
        null,
        1,
        null,
        14,
        6,
        null,
        null,
        1,
        null,
        3,
        null,
        1,
        null,
        0,
        0,
        null,
        null,
        1,
        0,
        null,
        null,
        null,
        null,
        1,
        5,
        null,
        1,
        1,
        0,
        0,
        null,
        null,
        1,
        0,
        null,
        null,
        null,
        1,
        3,
        null,
        1,
        0,
        null,
        null,
        1,
        0,
        null,
        null,
        null,
        null,
        null,
        1,
        null,
        3,
        null,
        1,
        3,
        null,
        1,
        0,
        null,
        null,
        1,
        0,
        null,
        null,
        null,
        1,
        3,
        null,
        1,
        0,
        null,
        null,
        1,
        0,
        null,
        null,
        null,
        null,
        null,
        null,
        1,
        3,
        null,
        1,
        3,
        null,
        1,
        0,
        null,
        null,
        1,
        0,
        null,
        null,
        null,
        null,
        null,
        1,
        2,
        null,
        1,
        0,
        null,
        null,
        null,
        null
      ],
      "/Users/zenjeff/Documents/P_projects/Ruby/diary-api/spec/requests/items_spec.rb": [

      ]
    },
    "timestamp": 1537431936
  }
}
